2025-06-13 04:32:42,937 - INFO - Starting feature engineering pipeline
2025-06-13 04:32:42,937 - INFO - Numerical features: ['age', 'height_cm', 'weight_kg', 'value_eur', 'wage_eur', 'pace', 'shooting', 'passing', 'dribbling', 'defending', 'physic', 'overall']
2025-06-13 04:32:42,954 - INFO - Categorical features: ['preferred_foot', 'work_rate', 'body_type']
2025-06-13 04:32:42,954 - INFO - Starting feature processing...
2025-06-13 04:32:42,954 - INFO - Building preprocessing pipeline...
2025-06-13 04:32:42,954 - INFO - Initialized with 12 numerical and 3 categorical features
2025-06-13 04:32:42,954 - INFO - Processing data...
2025-06-13 04:32:42,954 - DEBUG - Columns in DataFrame: ['sofifa_id', 'short_name', 'player_positions', 'overall', 'potential', 'value_eur', 'wage_eur', 'age', 'height_cm', 'weight_kg', 'club_name', 'league_name', 'league_level', 'club_position', 'nationality_name', 'preferred_foot', 'weak_foot', 'skill_moves', 'international_reputation', 'work_rate', 'body_type', 'pace', 'shooting', 'passing', 'dribbling', 'defending', 'physic', 'attacking_crossing', 'attacking_finishing', 'attacking_heading_accuracy', 'attacking_short_passing', 'attacking_volleys', 'skill_dribbling', 'skill_curve', 'skill_fk_accuracy', 'skill_long_passing', 'skill_ball_control', 'movement_acceleration', 'movement_sprint_speed', 'movement_agility', 'movement_reactions', 'movement_balance', 'power_shot_power', 'power_jumping', 'power_stamina', 'power_strength', 'power_long_shots', 'mentality_aggression', 'mentality_interceptions', 'mentality_positioning', 'mentality_vision', 'mentality_penalties', 'mentality_composure', 'defending_marking_awareness', 'defending_standing_tackle', 'defending_sliding_tackle', 'goalkeeping_diving', 'goalkeeping_handling', 'goalkeeping_kicking', 'goalkeeping_positioning', 'goalkeeping_reflexes', 'goalkeeping_speed', 'year', 'growth_potential']
2025-06-13 04:32:43,354 - DEBUG - Input shape before cleaning: (142079, 64)
2025-06-13 04:32:43,464 - DEBUG - Output shape after cleaning: (142079, 64)
2025-06-13 04:32:43,938 - INFO - Processing complete. Output shape: (142079, 10)
2025-06-13 04:32:43,953 - INFO - Starting feature engineering pipeline
2025-06-13 04:32:43,953 - INFO - Numerical features: ['age', 'height_cm', 'weight_kg', 'value_eur', 'wage_eur', 'pace', 'shooting', 'passing', 'dribbling', 'defending', 'physic', 'overall']
2025-06-13 04:32:43,953 - INFO - Categorical features: ['preferred_foot', 'work_rate', 'body_type']
2025-06-13 04:32:43,953 - INFO - Starting feature processing...
2025-06-13 04:32:43,953 - INFO - Building preprocessing pipeline...
2025-06-13 04:32:43,953 - INFO - Initialized with 12 numerical and 3 categorical features
2025-06-13 04:32:43,953 - INFO - Processing data...
2025-06-13 04:32:43,970 - DEBUG - Columns in DataFrame: ['sofifa_id', 'short_name', 'player_positions', 'overall', 'potential', 'value_eur', 'wage_eur', 'age', 'height_cm', 'weight_kg', 'club_name', 'league_name', 'league_level', 'club_position', 'nationality_name', 'preferred_foot', 'weak_foot', 'skill_moves', 'international_reputation', 'work_rate', 'body_type', 'pace', 'shooting', 'passing', 'dribbling', 'defending', 'physic', 'attacking_crossing', 'attacking_finishing', 'attacking_heading_accuracy', 'attacking_short_passing', 'attacking_volleys', 'skill_dribbling', 'skill_curve', 'skill_fk_accuracy', 'skill_long_passing', 'skill_ball_control', 'movement_acceleration', 'movement_sprint_speed', 'movement_agility', 'movement_reactions', 'movement_balance', 'power_shot_power', 'power_jumping', 'power_stamina', 'power_strength', 'power_long_shots', 'mentality_aggression', 'mentality_interceptions', 'mentality_positioning', 'mentality_vision', 'mentality_penalties', 'mentality_composure', 'defending_marking_awareness', 'defending_standing_tackle', 'defending_sliding_tackle', 'goalkeeping_diving', 'goalkeeping_handling', 'goalkeeping_kicking', 'goalkeeping_positioning', 'goalkeeping_reflexes', 'goalkeeping_speed', 'year', 'growth_potential']
2025-06-13 04:32:44,252 - DEBUG - Input shape before cleaning: (142079, 64)
2025-06-13 04:32:44,345 - DEBUG - Output shape after cleaning: (142079, 64)
2025-06-13 04:32:44,717 - INFO - Processing complete. Output shape: (142079, 10)
2025-06-13 04:35:53,470 - INFO - Starting feature engineering pipeline
2025-06-13 04:35:53,470 - INFO - Numerical features: ['age', 'height_cm', 'weight_kg', 'value_eur', 'wage_eur', 'pace', 'shooting', 'passing', 'dribbling', 'defending', 'physic', 'overall']
2025-06-13 04:35:53,470 - INFO - Categorical features: ['preferred_foot', 'work_rate', 'body_type']
2025-06-13 04:35:53,470 - INFO - Starting feature processing...
2025-06-13 04:35:53,484 - ERROR - Processing failed: 'FeaturePreprocessor' object has no attribute 'build_preprocessor'
2025-06-13 04:35:53,485 - ERROR - Data columns when failed: ['sofifa_id', 'short_name', 'player_positions', 'overall', 'potential', 'value_eur', 'wage_eur', 'age', 'height_cm', 'weight_kg', 'club_name', 'league_name', 'league_level', 'club_position', 'nationality_name', 'preferred_foot', 'weak_foot', 'skill_moves', 'international_reputation', 'work_rate', 'body_type', 'pace', 'shooting', 'passing', 'dribbling', 'defending', 'physic', 'attacking_crossing', 'attacking_finishing', 'attacking_heading_accuracy', 'attacking_short_passing', 'attacking_volleys', 'skill_dribbling', 'skill_curve', 'skill_fk_accuracy', 'skill_long_passing', 'skill_ball_control', 'movement_acceleration', 'movement_sprint_speed', 'movement_agility', 'movement_reactions', 'movement_balance', 'power_shot_power', 'power_jumping', 'power_stamina', 'power_strength', 'power_long_shots', 'mentality_aggression', 'mentality_interceptions', 'mentality_positioning', 'mentality_vision', 'mentality_penalties', 'mentality_composure', 'defending_marking_awareness', 'defending_standing_tackle', 'defending_sliding_tackle', 'goalkeeping_diving', 'goalkeeping_handling', 'goalkeeping_kicking', 'goalkeeping_positioning', 'goalkeeping_reflexes', 'goalkeeping_speed', 'year', 'growth_potential']
2025-06-13 04:35:53,496 - INFO - Starting feature engineering pipeline
2025-06-13 04:35:53,501 - INFO - Numerical features: ['age', 'height_cm', 'weight_kg', 'value_eur', 'wage_eur', 'pace', 'shooting', 'passing', 'dribbling', 'defending', 'physic', 'overall']
2025-06-13 04:35:53,501 - INFO - Categorical features: ['preferred_foot', 'work_rate', 'body_type']
2025-06-13 04:35:53,501 - INFO - Starting feature processing...
2025-06-13 04:35:53,501 - ERROR - Processing failed: 'FeaturePreprocessor' object has no attribute 'build_preprocessor'
2025-06-13 04:35:53,501 - ERROR - Data columns when failed: ['sofifa_id', 'short_name', 'player_positions', 'overall', 'potential', 'value_eur', 'wage_eur', 'age', 'height_cm', 'weight_kg', 'club_name', 'league_name', 'league_level', 'club_position', 'nationality_name', 'preferred_foot', 'weak_foot', 'skill_moves', 'international_reputation', 'work_rate', 'body_type', 'pace', 'shooting', 'passing', 'dribbling', 'defending', 'physic', 'attacking_crossing', 'attacking_finishing', 'attacking_heading_accuracy', 'attacking_short_passing', 'attacking_volleys', 'skill_dribbling', 'skill_curve', 'skill_fk_accuracy', 'skill_long_passing', 'skill_ball_control', 'movement_acceleration', 'movement_sprint_speed', 'movement_agility', 'movement_reactions', 'movement_balance', 'power_shot_power', 'power_jumping', 'power_stamina', 'power_strength', 'power_long_shots', 'mentality_aggression', 'mentality_interceptions', 'mentality_positioning', 'mentality_vision', 'mentality_penalties', 'mentality_composure', 'defending_marking_awareness', 'defending_standing_tackle', 'defending_sliding_tackle', 'goalkeeping_diving', 'goalkeeping_handling', 'goalkeeping_kicking', 'goalkeeping_positioning', 'goalkeeping_reflexes', 'goalkeeping_speed', 'year', 'growth_potential']
2025-06-13 05:56:08,097 - INFO - Starting feature engineering pipeline
2025-06-13 05:56:08,108 - INFO - Numerical features: ['age', 'height_cm', 'weight_kg', 'value_eur', 'wage_eur', 'pace', 'shooting', 'passing', 'dribbling', 'defending', 'physic', 'overall']
2025-06-13 05:56:08,110 - INFO - Categorical features: ['preferred_foot', 'work_rate', 'body_type']
2025-06-13 05:56:08,113 - INFO - Starting feature processing...
2025-06-13 05:56:08,117 - ERROR - Processing failed: 'FeaturePreprocessor' object has no attribute 'build_preprocessor'
2025-06-13 05:56:08,119 - ERROR - Data columns when failed: ['sofifa_id', 'short_name', 'player_positions', 'overall', 'potential', 'value_eur', 'wage_eur', 'age', 'height_cm', 'weight_kg', 'club_name', 'league_name', 'league_level', 'club_position', 'nationality_name', 'preferred_foot', 'weak_foot', 'skill_moves', 'international_reputation', 'work_rate', 'body_type', 'pace', 'shooting', 'passing', 'dribbling', 'defending', 'physic', 'attacking_crossing', 'attacking_finishing', 'attacking_heading_accuracy', 'attacking_short_passing', 'attacking_volleys', 'skill_dribbling', 'skill_curve', 'skill_fk_accuracy', 'skill_long_passing', 'skill_ball_control', 'movement_acceleration', 'movement_sprint_speed', 'movement_agility', 'movement_reactions', 'movement_balance', 'power_shot_power', 'power_jumping', 'power_stamina', 'power_strength', 'power_long_shots', 'mentality_aggression', 'mentality_interceptions', 'mentality_positioning', 'mentality_vision', 'mentality_penalties', 'mentality_composure', 'defending_marking_awareness', 'defending_standing_tackle', 'defending_sliding_tackle', 'goalkeeping_diving', 'goalkeeping_handling', 'goalkeeping_kicking', 'goalkeeping_positioning', 'goalkeeping_reflexes', 'goalkeeping_speed', 'year', 'growth_potential']
2025-06-13 05:56:08,134 - INFO - Starting feature engineering pipeline
2025-06-13 05:56:08,138 - INFO - Numerical features: ['age', 'height_cm', 'weight_kg', 'value_eur', 'wage_eur', 'pace', 'shooting', 'passing', 'dribbling', 'defending', 'physic', 'overall']
2025-06-13 05:56:08,139 - INFO - Categorical features: ['preferred_foot', 'work_rate', 'body_type']
2025-06-13 05:56:08,144 - INFO - Starting feature processing...
2025-06-13 05:56:08,146 - ERROR - Processing failed: 'FeaturePreprocessor' object has no attribute 'build_preprocessor'
2025-06-13 05:56:08,152 - ERROR - Data columns when failed: ['sofifa_id', 'short_name', 'player_positions', 'overall', 'potential', 'value_eur', 'wage_eur', 'age', 'height_cm', 'weight_kg', 'club_name', 'league_name', 'league_level', 'club_position', 'nationality_name', 'preferred_foot', 'weak_foot', 'skill_moves', 'international_reputation', 'work_rate', 'body_type', 'pace', 'shooting', 'passing', 'dribbling', 'defending', 'physic', 'attacking_crossing', 'attacking_finishing', 'attacking_heading_accuracy', 'attacking_short_passing', 'attacking_volleys', 'skill_dribbling', 'skill_curve', 'skill_fk_accuracy', 'skill_long_passing', 'skill_ball_control', 'movement_acceleration', 'movement_sprint_speed', 'movement_agility', 'movement_reactions', 'movement_balance', 'power_shot_power', 'power_jumping', 'power_stamina', 'power_strength', 'power_long_shots', 'mentality_aggression', 'mentality_interceptions', 'mentality_positioning', 'mentality_vision', 'mentality_penalties', 'mentality_composure', 'defending_marking_awareness', 'defending_standing_tackle', 'defending_sliding_tackle', 'goalkeeping_diving', 'goalkeeping_handling', 'goalkeeping_kicking', 'goalkeeping_positioning', 'goalkeeping_reflexes', 'goalkeeping_speed', 'year', 'growth_potential']
